
 Jan 16 19:32:07 : {"LATEST_VERSION":"6.9.27","api_response":""}
 Jan 16 19:35:57 : {"disableGroupTab":"1","allowUsers":"1","allowGuests":"1","allowDelete":"1","allowAvatar":"1","crguestsMode":"1","showChatroomUsers":"1","messageBeep":"1","newMessageIndicator":"1","showUsername":"0","showGroupsOnlineUsers":"0","chatroomTimeout":"604800","lastMessages":"10"}
 Jan 16 19:35:58 : {"disableGroupTab":"1","allowUsers":"1","allowGuests":"1","allowDelete":"1","allowAvatar":"1","crguestsMode":"1","showChatroomUsers":"1","messageBeep":"1","newMessageIndicator":"1","showUsername":"0","showGroupsOnlineUsers":"0","chatroomTimeout":"604800","lastMessages":"10"}
 Jan 16 19:36:02 : {"disableGroupTab":"0","allowUsers":"1","allowGuests":"1","allowDelete":"1","allowAvatar":"1","crguestsMode":"1","showChatroomUsers":"1","messageBeep":"1","newMessageIndicator":"1","showUsername":"0","showGroupsOnlineUsers":"0","chatroomTimeout":"604800","lastMessages":"10"}
 Feb 24 19:05:10 : {"LATEST_VERSION":"7.0.5","api_response":""}
 Feb 24 19:06:00 : {"BASE_URL":"\/cometchat\/"}
 Feb 24 19:07:33 : {"BASE_URL":"\/trd\/cometchat\/"}
 Feb 24 19:25:35 : {"color":"color91516133429"}
 Feb 24 19:26:04 : {"color":"color91519500303"}
 Feb 24 19:27:25 : {"color":"color91519500338"}
 Feb 24 19:27:54 : {"color":"color91519500438"}
 Feb 24 19:27:55 : {"color":"color91519500438"}
 Feb 24 19:30:01 : {"color":"color91519500438"}
 Feb 24 19:32:06 : {"color":"color91519500597"}
 Feb 24 19:32:10 : {"color":"color91519500719"}
 Feb 24 19:34:17 : {"color":"color91519500719"}
 Feb 24 19:34:20 : {"color":"color91519500851"}
 Feb 24 19:45:27 : {"extensions":["mobileapp","desktop"]}
 Feb 24 20:14:47 : {"plugins":["audiochat","avchat","broadcast","filetransfer","handwrite","report","smilies","stickers","transliterate","whiteboard","writeboard","voicenote","block","chathistory","clearconversation","save"]}
 Feb 24 20:14:50 : {"crplugins":["audiochat","avchat","broadcast","filetransfer","handwrite","smilies","stickers","style","transliterate","whiteboard","writeboard","voicenote","chathistory","clearconversation","save"]}
 Feb 24 20:15:04 : {"plugins":["audiochat","avchat","filetransfer","handwrite","report","smilies","stickers","transliterate","whiteboard","writeboard","voicenote","block","chathistory","clearconversation","save"]}
 Feb 24 20:15:07 : {"crplugins":["audiochat","avchat","filetransfer","handwrite","smilies","stickers","style","transliterate","whiteboard","writeboard","voicenote","chathistory","clearconversation","save"]}
 Feb 25 14:27:10 : {"hideBar":"0","autoPopupChatbox":"1","messageBeep":"1","beepOnAllMessages":"1","notificationTime":"5000","announcementTime":"15000","armyTime":"0","startOffline":"0","desktopNotifications":"1","windowTitleNotify":"1","floodControl":"0","windowFavicon":"0","blockpluginmode":"0","lastseen":"0","gatrackerid":""}
 Feb 25 14:27:28 : {"disableForMobileDevices":"1","enableMobileTab":"1","mobileNewWindow":"1","mobiletabConfirmOnAllMessages":"2"}
 Feb 25 14:27:34 : {"disableForMobileDevices":"1","enableMobileTab":"1","mobileNewWindow":"1","mobiletabConfirmOnAllMessages":"2"}
 Feb 26 14:35:52 : {"LATEST_VERSION":"7.0.5","api_response":""}
 Feb 26 17:07:54 : {"hideBar":"0","autoPopupChatbox":"1","messageBeep":"1","beepOnAllMessages":"1","notificationTime":"5000","announcementTime":"15000","armyTime":"0","startOffline":"0","desktopNotifications":"1","windowTitleNotify":"1","floodControl":"0","windowFavicon":"0","blockpluginmode":"0","lastseen":"1","gatrackerid":""}
 Feb 26 17:08:24 : {"hideBar":"0","autoPopupChatbox":"1","messageBeep":"1","beepOnAllMessages":"1","notificationTime":"15000","announcementTime":"15000","armyTime":"0","startOffline":"0","desktopNotifications":"1","windowTitleNotify":"1","floodControl":"0","windowFavicon":"0","blockpluginmode":"0","lastseen":"1","gatrackerid":""}
 Feb 26 17:11:12 : {"disableGroupTab":"0","allowUsers":"1","allowGuests":"1","allowDelete":"1","allowAvatar":"1","crguestsMode":"1","showChatroomUsers":"1","messageBeep":"1","newMessageIndicator":"1","showUsername":"1","showGroupsOnlineUsers":"0","chatroomTimeout":"604800","lastMessages":"10"}
 Feb 26 17:12:35 : {"chatboxHeight":"350","chatboxWidth":"270","dockedChatBoxAvatar":"1","dockedAlignToLeft":"0","dockedChatListAudioCall":"0"}
 Feb 26 17:43:57 : {"trayicon":{"announcements":["announcements","Announcements","modules\/announcements\/index.php","_popup","280","310","","1",""],"broadcastmessage":["broadcastmessage","Broadcast Message","modules\/broadcastmessage\/index.php","_popup","385","300","","1",""],"facebook":["facebook","Facebook Fan Page","modules\/facebook\/index.php","_popup","500","460","","1",""],"games":["games","Single Player Games","modules\/games\/index.php","_popup","465","300","","1",""],"home":["home","Home","\/","","","","","",""],"realtimetranslate":["realtimetranslate","Translate Conversations","modules\/realtimetranslate\/index.php","_popup","280","310","","1",""],"scrolltotop":["scrolltotop","Scroll To Top","javascript:jqcc.cometchat.scrollToTop();","","","","","",""],"share":["share","Share This Page","modules\/share\/index.php","_popup","350","50","","1",""],"twitter":["twitter","Twitter","modules\/twitter\/index.php","_popup","500","300","","1",""]}}
 Feb 26 17:44:05 : {"trayicon":{"announcements":["announcements","Announcements","modules\/announcements\/index.php","_popup","280","310","","1",""],"broadcastmessage":["broadcastmessage","Broadcast Message","modules\/broadcastmessage\/index.php","_popup","385","300","","1",""],"facebook":["facebook","Facebook Fan Page","modules\/facebook\/index.php","_popup","500","460","","1",""],"games":["games","Single Player Games","modules\/games\/index.php","_popup","465","300","","1",""],"home":["home","Home","\/","","","","","",""],"realtimetranslate":["realtimetranslate","Translate Conversations","modules\/realtimetranslate\/index.php","_popup","280","310","","1",""],"share":["share","Share This Page","modules\/share\/index.php","_popup","350","50","","1",""],"twitter":["twitter","Twitter","modules\/twitter\/index.php","_popup","500","300","","1",""]}}
 Feb 26 17:44:16 : {"trayicon":{"announcements":["announcements","Announcements","modules\/announcements\/index.php","_popup","280","310","","1",""],"broadcastmessage":["broadcastmessage","Broadcast Message","modules\/broadcastmessage\/index.php","_popup","385","300","","1",""],"facebook":["facebook","Facebook Fan Page","modules\/facebook\/index.php","_popup","500","460","","1",""],"games":["games","Single Player Games","modules\/games\/index.php","_popup","465","300","","1",""],"realtimetranslate":["realtimetranslate","Translate Conversations","modules\/realtimetranslate\/index.php","_popup","280","310","","1",""],"share":["share","Share This Page","modules\/share\/index.php","_popup","350","50","","1",""],"twitter":["twitter","Twitter","modules\/twitter\/index.php","_popup","500","300","","1",""]}}
 Feb 26 19:02:11 : {"trayicon":{"announcements":["announcements","Announcements","modules\/announcements\/index.php","_popup","280","310","","1",""],"facebook":["facebook","Facebook Fan Page","modules\/facebook\/index.php","_popup","500","460","","1",""],"games":["games","Single Player Games","modules\/games\/index.php","_popup","465","300","","1",""],"realtimetranslate":["realtimetranslate","Translate Conversations","modules\/realtimetranslate\/index.php","_popup","280","310","","1",""],"share":["share","Share This Page","modules\/share\/index.php","_popup","350","50","","1",""],"twitter":["twitter","Twitter","modules\/twitter\/index.php","_popup","500","300","","1",""]}}
 Feb 26 19:20:15 : {"LATEST_VERSION":"7.0.5","api_response":""}
 Feb 26 19:28:32 : {"disableGroupTab":"1","allowUsers":"1","allowGuests":"1","allowDelete":"1","allowAvatar":"1","crguestsMode":"1","showChatroomUsers":"1","messageBeep":"1","newMessageIndicator":"1","showUsername":"1","showGroupsOnlineUsers":"0","chatroomTimeout":"604800","lastMessages":"10"}
 Feb 26 19:28:32 : {"disableGroupTab":"1","allowUsers":"1","allowGuests":"1","allowDelete":"1","allowAvatar":"1","crguestsMode":"1","showChatroomUsers":"1","messageBeep":"1","newMessageIndicator":"1","showUsername":"1","showGroupsOnlineUsers":"0","chatroomTimeout":"604800","lastMessages":"10"}
 Feb 26 19:29:31 : {"disableGroupTab":"1","allowUsers":"0","allowGuests":"0","allowDelete":"1","allowAvatar":"1","crguestsMode":"0","showChatroomUsers":"1","messageBeep":"1","newMessageIndicator":"1","showUsername":"1","showGroupsOnlineUsers":"0","chatroomTimeout":"604800","lastMessages":"10"}
 Feb 26 19:30:30 : {"disableContactsTab":"1","hideOffline":"0","DISPLAY_ALL_USERS":"1","displayOfflineNotification":"1","displayBusyNotification":"1","displayOnlineNotification":"1","thumbnailDisplayNumber":"40","searchDisplayNumber":"10"}
 Feb 27 17:33:43 : {"LATEST_VERSION":"7.0.5","api_response":""}
 Mar 5 18:49:38 : {"LATEST_VERSION":"7.0.6","api_response":""}
 Mar 11 09:27:15 : {"LATEST_VERSION":"7.0.6","api_response":""}
 Mar 17 19:08:32 : {"LATEST_VERSION":"7.0.8","api_response":""}
 Mar 19 18:11:21 : {"LATEST_VERSION":"7.0.8","api_response":""}
 Apr 6 18:47:41 : {"LATEST_VERSION":"7.0.10","api_response":""}
 Apr 6 19:06:48 : {"plugins":["audiochat","avchat","filetransfer","handwrite","report","smilies","stickers","transliterate","writeboard","voicenote","block","chathistory","clearconversation","save"]}
 Apr 6 19:06:51 : {"crplugins":["audiochat","avchat","filetransfer","handwrite","smilies","stickers","style","transliterate","writeboard","voicenote","chathistory","clearconversation","save"]}
 Apr 6 19:06:53 : {"plugins":["audiochat","avchat","filetransfer","handwrite","report","smilies","stickers","transliterate","writeboard","voicenote","block","chathistory","clearconversation","save","whiteboard"]}
 Apr 6 19:06:55 : {"crplugins":["audiochat","avchat","filetransfer","handwrite","smilies","stickers","style","transliterate","writeboard","voicenote","chathistory","clearconversation","save","whiteboard"]}